# Logfile created on 2014-05-21 22:20:26 +0400 by logger.rb/44203
I, [2014-05-21T22:20:26.264233 #4451]  INFO -- : 0:  rake (10.3.2) from /usr/local/rvm/gems/ruby-2.1.0/specifications/rake-10.3.2.gemspec
I, [2014-05-21T22:20:26.264584 #4451]  INFO -- : 0:  i18n (0.6.9) from /usr/local/rvm/gems/ruby-2.1.0/specifications/i18n-0.6.9.gemspec
I, [2014-05-21T22:20:26.283476 #4451]  INFO -- : 0:  minitest (4.7.5) from /usr/local/rvm/gems/ruby-2.1.0/specifications/minitest-4.7.5.gemspec
I, [2014-05-21T22:20:26.283859 #4451]  INFO -- : 0:  multi_json (1.10.1) from /usr/local/rvm/gems/ruby-2.1.0/specifications/multi_json-1.10.1.gemspec
I, [2014-05-21T22:20:26.284159 #4451]  INFO -- : 0:  thread_safe (0.3.3) from /usr/local/rvm/gems/ruby-2.1.0/specifications/thread_safe-0.3.3.gemspec
I, [2014-05-21T22:20:26.284440 #4451]  INFO -- : 0:  tzinfo (0.3.39) from /usr/local/rvm/gems/ruby-2.1.0/specifications/tzinfo-0.3.39.gemspec
I, [2014-05-21T22:20:26.284708 #4451]  INFO -- : 0:  activesupport (4.0.2) from /usr/local/rvm/gems/ruby-2.1.0/specifications/activesupport-4.0.2.gemspec
I, [2014-05-21T22:20:26.284983 #4451]  INFO -- : 0:  builder (3.1.4) from /usr/local/rvm/gems/ruby-2.1.0/specifications/builder-3.1.4.gemspec
I, [2014-05-21T22:20:26.285232 #4451]  INFO -- : 0:  erubis (2.7.0) from /usr/local/rvm/gems/ruby-2.1.0/specifications/erubis-2.7.0.gemspec
I, [2014-05-21T22:20:26.285496 #4451]  INFO -- : 0:  rack (1.5.2) from /usr/local/rvm/gems/ruby-2.1.0/specifications/rack-1.5.2.gemspec
I, [2014-05-21T22:20:26.285759 #4451]  INFO -- : 0:  rack-test (0.6.2) from /usr/local/rvm/gems/ruby-2.1.0/specifications/rack-test-0.6.2.gemspec
I, [2014-05-21T22:20:26.286016 #4451]  INFO -- : 0:  actionpack (4.0.2) from /usr/local/rvm/gems/ruby-2.1.0/specifications/actionpack-4.0.2.gemspec
I, [2014-05-21T22:20:26.286298 #4451]  INFO -- : 0:  mime-types (1.25.1) from /usr/local/rvm/gems/ruby-2.1.0/specifications/mime-types-1.25.1.gemspec
I, [2014-05-21T22:20:26.286570 #4451]  INFO -- : 0:  polyglot (0.3.4) from /usr/local/rvm/gems/ruby-2.1.0/specifications/polyglot-0.3.4.gemspec
I, [2014-05-21T22:20:26.286822 #4451]  INFO -- : 0:  treetop (1.4.15) from /usr/local/rvm/gems/ruby-2.1.0/specifications/treetop-1.4.15.gemspec
I, [2014-05-21T22:20:26.287082 #4451]  INFO -- : 0:  mail (2.5.4) from /usr/local/rvm/gems/ruby-2.1.0/specifications/mail-2.5.4.gemspec
I, [2014-05-21T22:20:26.287352 #4451]  INFO -- : 0:  actionmailer (4.0.2) from /usr/local/rvm/gems/ruby-2.1.0/specifications/actionmailer-4.0.2.gemspec
I, [2014-05-21T22:20:26.287599 #4451]  INFO -- : 0:  activemodel (4.0.2) from /usr/local/rvm/gems/ruby-2.1.0/specifications/activemodel-4.0.2.gemspec
I, [2014-05-21T22:20:26.287859 #4451]  INFO -- : 0:  activerecord-deprecated_finders (1.0.3) from /usr/local/rvm/gems/ruby-2.1.0/specifications/activerecord-deprecated_finders-1.0.3.gemspec
I, [2014-05-21T22:20:26.288125 #4451]  INFO -- : 0:  arel (4.0.2) from /usr/local/rvm/gems/ruby-2.1.0/specifications/arel-4.0.2.gemspec
I, [2014-05-21T22:20:26.288373 #4451]  INFO -- : 0:  activerecord (4.0.2) from /usr/local/rvm/gems/ruby-2.1.0/specifications/activerecord-4.0.2.gemspec
I, [2014-05-21T22:20:26.288650 #4451]  INFO -- : 0:  bundler (1.5.0) from /usr/local/rvm/gems/ruby-2.1.0@global/specifications/bundler-1.5.0.gemspec
I, [2014-05-21T22:20:26.288924 #4451]  INFO -- : 0:  coffee-script-source (1.7.0) from /usr/local/rvm/gems/ruby-2.1.0/specifications/coffee-script-source-1.7.0.gemspec
I, [2014-05-21T22:20:26.289223 #4451]  INFO -- : 0:  execjs (2.0.2) from /usr/local/rvm/gems/ruby-2.1.0/specifications/execjs-2.0.2.gemspec
I, [2014-05-21T22:20:26.289501 #4451]  INFO -- : 0:  coffee-script (2.2.0) from /usr/local/rvm/gems/ruby-2.1.0/specifications/coffee-script-2.2.0.gemspec
I, [2014-05-21T22:20:26.289773 #4451]  INFO -- : 0:  thor (0.19.1) from /usr/local/rvm/gems/ruby-2.1.0/specifications/thor-0.19.1.gemspec
I, [2014-05-21T22:20:26.290008 #4451]  INFO -- : 0:  railties (4.0.2) from /usr/local/rvm/gems/ruby-2.1.0/specifications/railties-4.0.2.gemspec
I, [2014-05-21T22:20:26.290274 #4451]  INFO -- : 0:  coffee-rails (4.0.1) from /usr/local/rvm/gems/ruby-2.1.0/specifications/coffee-rails-4.0.1.gemspec
I, [2014-05-21T22:20:26.290631 #4451]  INFO -- : 0:  hike (1.2.3) from /usr/local/rvm/gems/ruby-2.1.0/specifications/hike-1.2.3.gemspec
I, [2014-05-21T22:20:26.290902 #4451]  INFO -- : 0:  jbuilder (1.5.3) from /usr/local/rvm/gems/ruby-2.1.0/specifications/jbuilder-1.5.3.gemspec
I, [2014-05-21T22:20:26.291170 #4451]  INFO -- : 0:  jquery-rails (3.1.0) from /usr/local/rvm/gems/ruby-2.1.0/specifications/jquery-rails-3.1.0.gemspec
I, [2014-05-21T22:20:27.202349 #4451]  INFO -- : 0:  json (1.8.1) from /usr/local/rvm/gems/ruby-2.1.0/specifications/json-1.8.1.gemspec
I, [2014-05-21T22:20:27.202742 #4451]  INFO -- : 0:  tilt (1.4.1) from /usr/local/rvm/gems/ruby-2.1.0/specifications/tilt-1.4.1.gemspec
I, [2014-05-21T22:20:27.203006 #4451]  INFO -- : 0:  sprockets (2.11.0) from /usr/local/rvm/gems/ruby-2.1.0/specifications/sprockets-2.11.0.gemspec
I, [2014-05-21T22:20:27.203280 #4451]  INFO -- : 0:  sprockets-rails (2.0.1) from /usr/local/rvm/gems/ruby-2.1.0/specifications/sprockets-rails-2.0.1.gemspec
I, [2014-05-21T22:20:27.203534 #4451]  INFO -- : 0:  rails (4.0.2) from /usr/local/rvm/gems/ruby-2.1.0/specifications/rails-4.0.2.gemspec
I, [2014-05-21T22:20:27.203762 #4451]  INFO -- : 0:  rdoc (4.1.1) from /usr/local/rvm/gems/ruby-2.1.0/specifications/rdoc-4.1.1.gemspec
I, [2014-05-21T22:20:27.204017 #4451]  INFO -- : 0:  sass (3.2.19) from /usr/local/rvm/gems/ruby-2.1.0/specifications/sass-3.2.19.gemspec
I, [2014-05-21T22:20:27.204266 #4451]  INFO -- : 0:  sass-rails (4.0.3) from /usr/local/rvm/gems/ruby-2.1.0/specifications/sass-rails-4.0.3.gemspec
I, [2014-05-21T22:20:27.204508 #4451]  INFO -- : 0:  sdoc (0.4.0) from /usr/local/rvm/gems/ruby-2.1.0/specifications/sdoc-0.4.0.gemspec
I, [2014-05-21T22:20:27.204745 #4451]  INFO -- : 0:  sqlite3 (1.3.9) from /usr/local/rvm/gems/ruby-2.1.0/specifications/sqlite3-1.3.9.gemspec
I, [2014-05-21T22:20:27.204991 #4451]  INFO -- : 0:  turbolinks (2.2.2) from /usr/local/rvm/gems/ruby-2.1.0/specifications/turbolinks-2.2.2.gemspec
I, [2014-05-21T22:20:27.205227 #4451]  INFO -- : 0:  uglifier (2.5.0) from /usr/local/rvm/gems/ruby-2.1.0/specifications/uglifier-2.5.0.gemspec
I, [2014-05-21T22:21:06.698283 #4529]  INFO -- : 0:  rake (10.3.2) from /usr/local/rvm/gems/ruby-2.1.0/specifications/rake-10.3.2.gemspec
I, [2014-05-21T22:21:06.698772 #4529]  INFO -- : 0:  i18n (0.6.9) from /usr/local/rvm/gems/ruby-2.1.0/specifications/i18n-0.6.9.gemspec
I, [2014-05-21T22:21:06.745416 #4529]  INFO -- : 0:  minitest (4.7.5) from /usr/local/rvm/gems/ruby-2.1.0/specifications/minitest-4.7.5.gemspec
I, [2014-05-21T22:21:06.745794 #4529]  INFO -- : 0:  multi_json (1.10.1) from /usr/local/rvm/gems/ruby-2.1.0/specifications/multi_json-1.10.1.gemspec
I, [2014-05-21T22:21:06.746070 #4529]  INFO -- : 0:  thread_safe (0.3.3) from /usr/local/rvm/gems/ruby-2.1.0/specifications/thread_safe-0.3.3.gemspec
I, [2014-05-21T22:21:06.746312 #4529]  INFO -- : 0:  tzinfo (0.3.39) from /usr/local/rvm/gems/ruby-2.1.0/specifications/tzinfo-0.3.39.gemspec
I, [2014-05-21T22:21:06.746563 #4529]  INFO -- : 0:  activesupport (4.0.2) from /usr/local/rvm/gems/ruby-2.1.0/specifications/activesupport-4.0.2.gemspec
I, [2014-05-21T22:21:06.746822 #4529]  INFO -- : 0:  builder (3.1.4) from /usr/local/rvm/gems/ruby-2.1.0/specifications/builder-3.1.4.gemspec
I, [2014-05-21T22:21:06.747063 #4529]  INFO -- : 0:  erubis (2.7.0) from /usr/local/rvm/gems/ruby-2.1.0/specifications/erubis-2.7.0.gemspec
I, [2014-05-21T22:21:06.747300 #4529]  INFO -- : 0:  rack (1.5.2) from /usr/local/rvm/gems/ruby-2.1.0/specifications/rack-1.5.2.gemspec
I, [2014-05-21T22:21:06.747547 #4529]  INFO -- : 0:  rack-test (0.6.2) from /usr/local/rvm/gems/ruby-2.1.0/specifications/rack-test-0.6.2.gemspec
I, [2014-05-21T22:21:06.747779 #4529]  INFO -- : 0:  actionpack (4.0.2) from /usr/local/rvm/gems/ruby-2.1.0/specifications/actionpack-4.0.2.gemspec
I, [2014-05-21T22:21:06.748013 #4529]  INFO -- : 0:  mime-types (1.25.1) from /usr/local/rvm/gems/ruby-2.1.0/specifications/mime-types-1.25.1.gemspec
I, [2014-05-21T22:21:06.748263 #4529]  INFO -- : 0:  polyglot (0.3.4) from /usr/local/rvm/gems/ruby-2.1.0/specifications/polyglot-0.3.4.gemspec
I, [2014-05-21T22:21:06.748495 #4529]  INFO -- : 0:  treetop (1.4.15) from /usr/local/rvm/gems/ruby-2.1.0/specifications/treetop-1.4.15.gemspec
I, [2014-05-21T22:21:06.748733 #4529]  INFO -- : 0:  mail (2.5.4) from /usr/local/rvm/gems/ruby-2.1.0/specifications/mail-2.5.4.gemspec
I, [2014-05-21T22:21:06.748960 #4529]  INFO -- : 0:  actionmailer (4.0.2) from /usr/local/rvm/gems/ruby-2.1.0/specifications/actionmailer-4.0.2.gemspec
I, [2014-05-21T22:21:06.750771 #4529]  INFO -- : 0:  activemodel (4.0.2) from /usr/local/rvm/gems/ruby-2.1.0/specifications/activemodel-4.0.2.gemspec
I, [2014-05-21T22:21:06.751039 #4529]  INFO -- : 0:  activerecord-deprecated_finders (1.0.3) from /usr/local/rvm/gems/ruby-2.1.0/specifications/activerecord-deprecated_finders-1.0.3.gemspec
I, [2014-05-21T22:21:06.751273 #4529]  INFO -- : 0:  arel (4.0.2) from /usr/local/rvm/gems/ruby-2.1.0/specifications/arel-4.0.2.gemspec
I, [2014-05-21T22:21:06.751515 #4529]  INFO -- : 0:  activerecord (4.0.2) from /usr/local/rvm/gems/ruby-2.1.0/specifications/activerecord-4.0.2.gemspec
I, [2014-05-21T22:21:06.751746 #4529]  INFO -- : 0:  bundler (1.5.0) from /usr/local/rvm/gems/ruby-2.1.0@global/specifications/bundler-1.5.0.gemspec
I, [2014-05-21T22:21:06.751991 #4529]  INFO -- : 0:  coffee-script-source (1.7.0) from /usr/local/rvm/gems/ruby-2.1.0/specifications/coffee-script-source-1.7.0.gemspec
I, [2014-05-21T22:21:06.752262 #4529]  INFO -- : 0:  execjs (2.0.2) from /usr/local/rvm/gems/ruby-2.1.0/specifications/execjs-2.0.2.gemspec
I, [2014-05-21T22:21:06.752482 #4529]  INFO -- : 0:  coffee-script (2.2.0) from /usr/local/rvm/gems/ruby-2.1.0/specifications/coffee-script-2.2.0.gemspec
I, [2014-05-21T22:21:06.752758 #4529]  INFO -- : 0:  thor (0.19.1) from /usr/local/rvm/gems/ruby-2.1.0/specifications/thor-0.19.1.gemspec
I, [2014-05-21T22:21:06.752982 #4529]  INFO -- : 0:  railties (4.0.2) from /usr/local/rvm/gems/ruby-2.1.0/specifications/railties-4.0.2.gemspec
I, [2014-05-21T22:21:06.753218 #4529]  INFO -- : 0:  coffee-rails (4.0.1) from /usr/local/rvm/gems/ruby-2.1.0/specifications/coffee-rails-4.0.1.gemspec
I, [2014-05-21T22:21:06.753459 #4529]  INFO -- : 0:  sass (3.2.19) from /usr/local/rvm/gems/ruby-2.1.0/specifications/sass-3.2.19.gemspec
I, [2014-05-21T22:21:06.753716 #4529]  INFO -- : 0:  foundation-rails (5.2.2.0) from /usr/local/rvm/gems/ruby-2.1.0/specifications/foundation-rails-5.2.2.0.gemspec
I, [2014-05-21T22:21:06.753939 #4529]  INFO -- : 0:  hike (1.2.3) from /usr/local/rvm/gems/ruby-2.1.0/specifications/hike-1.2.3.gemspec
I, [2014-05-21T22:21:06.754168 #4529]  INFO -- : 0:  jbuilder (1.5.3) from /usr/local/rvm/gems/ruby-2.1.0/specifications/jbuilder-1.5.3.gemspec
I, [2014-05-21T22:21:06.754387 #4529]  INFO -- : 0:  jquery-rails (3.1.0) from /usr/local/rvm/gems/ruby-2.1.0/specifications/jquery-rails-3.1.0.gemspec
I, [2014-05-21T22:21:07.645892 #4529]  INFO -- : 0:  json (1.8.1) from /usr/local/rvm/gems/ruby-2.1.0/specifications/json-1.8.1.gemspec
I, [2014-05-21T22:21:07.646914 #4529]  INFO -- : 0:  tilt (1.4.1) from /usr/local/rvm/gems/ruby-2.1.0/specifications/tilt-1.4.1.gemspec
I, [2014-05-21T22:21:07.647720 #4529]  INFO -- : 0:  sprockets (2.11.0) from /usr/local/rvm/gems/ruby-2.1.0/specifications/sprockets-2.11.0.gemspec
I, [2014-05-21T22:21:07.648581 #4529]  INFO -- : 0:  sprockets-rails (2.0.1) from /usr/local/rvm/gems/ruby-2.1.0/specifications/sprockets-rails-2.0.1.gemspec
I, [2014-05-21T22:21:07.649034 #4529]  INFO -- : 0:  rails (4.0.2) from /usr/local/rvm/gems/ruby-2.1.0/specifications/rails-4.0.2.gemspec
I, [2014-05-21T22:21:07.649762 #4529]  INFO -- : 0:  rdoc (4.1.1) from /usr/local/rvm/gems/ruby-2.1.0/specifications/rdoc-4.1.1.gemspec
I, [2014-05-21T22:21:07.650381 #4529]  INFO -- : 0:  sass-rails (4.0.3) from /usr/local/rvm/gems/ruby-2.1.0/specifications/sass-rails-4.0.3.gemspec
I, [2014-05-21T22:21:07.651045 #4529]  INFO -- : 0:  sdoc (0.4.0) from /usr/local/rvm/gems/ruby-2.1.0/specifications/sdoc-0.4.0.gemspec
I, [2014-05-21T22:21:07.651820 #4529]  INFO -- : 0:  sqlite3 (1.3.9) from /usr/local/rvm/gems/ruby-2.1.0/specifications/sqlite3-1.3.9.gemspec
I, [2014-05-21T22:21:07.652726 #4529]  INFO -- : 0:  turbolinks (2.2.2) from /usr/local/rvm/gems/ruby-2.1.0/specifications/turbolinks-2.2.2.gemspec
I, [2014-05-21T22:21:07.653644 #4529]  INFO -- : 0:  uglifier (2.5.0) from /usr/local/rvm/gems/ruby-2.1.0/specifications/uglifier-2.5.0.gemspec
I, [2014-05-26T17:01:52.882463 #3006]  INFO -- : 0:  rake (10.3.2) from /usr/local/rvm/gems/ruby-2.1.0/specifications/rake-10.3.2.gemspec
I, [2014-05-26T17:01:52.883492 #3006]  INFO -- : 0:  i18n (0.6.9) from /usr/local/rvm/gems/ruby-2.1.0/specifications/i18n-0.6.9.gemspec
I, [2014-05-26T17:02:34.867965 #3006]  INFO -- : 0:  minitest (4.7.5) from /usr/local/rvm/gems/ruby-2.1.0/specifications/minitest-4.7.5.gemspec
I, [2014-05-26T17:02:34.872206 #3006]  INFO -- : 0:  multi_json (1.10.1) from /usr/local/rvm/gems/ruby-2.1.0/specifications/multi_json-1.10.1.gemspec
I, [2014-05-26T17:02:34.873064 #3006]  INFO -- : 0:  thread_safe (0.3.3) from /usr/local/rvm/gems/ruby-2.1.0/specifications/thread_safe-0.3.3.gemspec
I, [2014-05-26T17:02:34.873702 #3006]  INFO -- : 0:  tzinfo (0.3.39) from /usr/local/rvm/gems/ruby-2.1.0/specifications/tzinfo-0.3.39.gemspec
I, [2014-05-26T17:02:34.874307 #3006]  INFO -- : 0:  activesupport (4.0.2) from /usr/local/rvm/gems/ruby-2.1.0/specifications/activesupport-4.0.2.gemspec
I, [2014-05-26T17:02:34.874943 #3006]  INFO -- : 0:  builder (3.1.4) from /usr/local/rvm/gems/ruby-2.1.0/specifications/builder-3.1.4.gemspec
I, [2014-05-26T17:02:34.875596 #3006]  INFO -- : 0:  erubis (2.7.0) from /usr/local/rvm/gems/ruby-2.1.0/specifications/erubis-2.7.0.gemspec
I, [2014-05-26T17:02:34.876108 #3006]  INFO -- : 0:  rack (1.5.2) from /usr/local/rvm/gems/ruby-2.1.0/specifications/rack-1.5.2.gemspec
I, [2014-05-26T17:02:34.876757 #3006]  INFO -- : 0:  rack-test (0.6.2) from /usr/local/rvm/gems/ruby-2.1.0/specifications/rack-test-0.6.2.gemspec
I, [2014-05-26T17:02:34.877609 #3006]  INFO -- : 0:  actionpack (4.0.2) from /usr/local/rvm/gems/ruby-2.1.0/specifications/actionpack-4.0.2.gemspec
I, [2014-05-26T17:02:34.878108 #3006]  INFO -- : 0:  mime-types (1.25.1) from /usr/local/rvm/gems/ruby-2.1.0/specifications/mime-types-1.25.1.gemspec
I, [2014-05-26T17:02:34.878740 #3006]  INFO -- : 0:  polyglot (0.3.4) from /usr/local/rvm/gems/ruby-2.1.0/specifications/polyglot-0.3.4.gemspec
I, [2014-05-26T17:02:34.879209 #3006]  INFO -- : 0:  treetop (1.4.15) from /usr/local/rvm/gems/ruby-2.1.0/specifications/treetop-1.4.15.gemspec
I, [2014-05-26T17:02:34.879794 #3006]  INFO -- : 0:  mail (2.5.4) from /usr/local/rvm/gems/ruby-2.1.0/specifications/mail-2.5.4.gemspec
I, [2014-05-26T17:02:34.880330 #3006]  INFO -- : 0:  actionmailer (4.0.2) from /usr/local/rvm/gems/ruby-2.1.0/specifications/actionmailer-4.0.2.gemspec
I, [2014-05-26T17:02:34.881137 #3006]  INFO -- : 0:  activemodel (4.0.2) from /usr/local/rvm/gems/ruby-2.1.0/specifications/activemodel-4.0.2.gemspec
I, [2014-05-26T17:02:34.881831 #3006]  INFO -- : 0:  activerecord-deprecated_finders (1.0.3) from /usr/local/rvm/gems/ruby-2.1.0/specifications/activerecord-deprecated_finders-1.0.3.gemspec
I, [2014-05-26T17:02:34.882335 #3006]  INFO -- : 0:  arel (4.0.2) from /usr/local/rvm/gems/ruby-2.1.0/specifications/arel-4.0.2.gemspec
I, [2014-05-26T17:02:34.882903 #3006]  INFO -- : 0:  activerecord (4.0.2) from /usr/local/rvm/gems/ruby-2.1.0/specifications/activerecord-4.0.2.gemspec
I, [2014-05-26T17:02:34.883398 #3006]  INFO -- : 0:  bundler (1.5.0) from /usr/local/rvm/gems/ruby-2.1.0@global/specifications/bundler-1.5.0.gemspec
I, [2014-05-26T17:02:34.883947 #3006]  INFO -- : 0:  coffee-script-source (1.7.0) from /usr/local/rvm/gems/ruby-2.1.0/specifications/coffee-script-source-1.7.0.gemspec
I, [2014-05-26T17:02:34.884440 #3006]  INFO -- : 0:  execjs (2.0.2) from /usr/local/rvm/gems/ruby-2.1.0/specifications/execjs-2.0.2.gemspec
I, [2014-05-26T17:02:34.884970 #3006]  INFO -- : 0:  coffee-script (2.2.0) from /usr/local/rvm/gems/ruby-2.1.0/specifications/coffee-script-2.2.0.gemspec
I, [2014-05-26T17:02:34.885598 #3006]  INFO -- : 0:  thor (0.19.1) from /usr/local/rvm/gems/ruby-2.1.0/specifications/thor-0.19.1.gemspec
I, [2014-05-26T17:02:34.886135 #3006]  INFO -- : 0:  railties (4.0.2) from /usr/local/rvm/gems/ruby-2.1.0/specifications/railties-4.0.2.gemspec
I, [2014-05-26T17:02:34.886726 #3006]  INFO -- : 0:  coffee-rails (4.0.1) from /usr/local/rvm/gems/ruby-2.1.0/specifications/coffee-rails-4.0.1.gemspec
I, [2014-05-26T17:02:34.887248 #3006]  INFO -- : 0:  sass (3.2.19) from /usr/local/rvm/gems/ruby-2.1.0/specifications/sass-3.2.19.gemspec
I, [2014-05-26T17:02:34.887805 #3006]  INFO -- : 0:  foundation-rails (5.2.2.0) from /usr/local/rvm/gems/ruby-2.1.0/specifications/foundation-rails-5.2.2.0.gemspec
I, [2014-05-26T17:02:34.888263 #3006]  INFO -- : 0:  hike (1.2.3) from /usr/local/rvm/gems/ruby-2.1.0/specifications/hike-1.2.3.gemspec
I, [2014-05-26T17:02:34.888807 #3006]  INFO -- : 0:  jbuilder (1.5.3) from /usr/local/rvm/gems/ruby-2.1.0/specifications/jbuilder-1.5.3.gemspec
I, [2014-05-26T17:02:34.889270 #3006]  INFO -- : 0:  jquery-rails (3.1.0) from /usr/local/rvm/gems/ruby-2.1.0/specifications/jquery-rails-3.1.0.gemspec
I, [2014-05-26T17:02:36.505788 #3006]  INFO -- : 0:  json (1.8.1) from /usr/local/rvm/gems/ruby-2.1.0/specifications/json-1.8.1.gemspec
I, [2014-05-26T17:02:36.514739 #3006]  INFO -- : 0:  tilt (1.4.1) from /usr/local/rvm/gems/ruby-2.1.0/specifications/tilt-1.4.1.gemspec
I, [2014-05-26T17:02:36.515129 #3006]  INFO -- : 0:  sprockets (2.11.0) from /usr/local/rvm/gems/ruby-2.1.0/specifications/sprockets-2.11.0.gemspec
I, [2014-05-26T17:02:36.515482 #3006]  INFO -- : 0:  sprockets-rails (2.0.1) from /usr/local/rvm/gems/ruby-2.1.0/specifications/sprockets-rails-2.0.1.gemspec
I, [2014-05-26T17:02:36.515807 #3006]  INFO -- : 0:  rails (4.0.2) from /usr/local/rvm/gems/ruby-2.1.0/specifications/rails-4.0.2.gemspec
I, [2014-05-26T17:02:36.516129 #3006]  INFO -- : 0:  rdoc (4.1.1) from /usr/local/rvm/gems/ruby-2.1.0/specifications/rdoc-4.1.1.gemspec
I, [2014-05-26T17:02:36.516468 #3006]  INFO -- : 0:  sass-rails (4.0.3) from /usr/local/rvm/gems/ruby-2.1.0/specifications/sass-rails-4.0.3.gemspec
I, [2014-05-26T17:02:36.516785 #3006]  INFO -- : 0:  sdoc (0.4.0) from /usr/local/rvm/gems/ruby-2.1.0/specifications/sdoc-0.4.0.gemspec
I, [2014-05-26T17:02:36.517121 #3006]  INFO -- : 0:  sqlite3 (1.3.9) from /usr/local/rvm/gems/ruby-2.1.0/specifications/sqlite3-1.3.9.gemspec
I, [2014-05-26T17:02:36.517453 #3006]  INFO -- : 0:  turbolinks (2.2.2) from /usr/local/rvm/gems/ruby-2.1.0/specifications/turbolinks-2.2.2.gemspec
I, [2014-05-26T17:02:36.517787 #3006]  INFO -- : 0:  uglifier (2.5.0) from /usr/local/rvm/gems/ruby-2.1.0/specifications/uglifier-2.5.0.gemspec
I, [2014-05-26T17:02:36.518120 #3006]  INFO -- : 0:  whois (3.5.3) from /usr/local/rvm/gems/ruby-2.1.0/specifications/whois-3.5.3.gemspec
